2025-09-08T00:24:54.428Z | register user | user1324312355676
2025-09-08T00:25:09.040Z | delete user | user1324312355676
2025-09-08T00:25:21.848Z | register user | user1
2025-09-08T00:28:40.233Z | register user | testuser
2025-09-08T00:28:53.004Z | bulk delete | admin
2025-10-07T18:33:58.364Z | login | admin
2025-10-07T18:52:47.908Z | login | admin
2025-10-07T18:53:49.764Z | register user | newuser
2025-10-07T18:53:49.778Z | login | newuser
2025-10-07T19:06:03.530Z | register user | newuser1
2025-10-07T19:06:03.544Z | login | newuser1
2025-10-07T19:13:24.529Z | login | admin
2025-10-07T19:15:02.272Z | login | admin
2025-10-07T19:15:51.365Z | register user | user
2025-10-07T19:15:51.371Z | login | user
2025-10-07T19:15:52.536Z | login | admin
2025-10-07T19:15:53.617Z | register user | user1
2025-10-07T19:15:53.621Z | login | user1
2025-10-07T19:15:54.764Z | register user | admin1
2025-10-07T19:15:54.768Z | login | admin1
